<?xml version="1.0" encoding="UTF-8"?>
<testng-results ignored="0" total="2" passed="2" failed="0" skipped="0">
  <reporter-output>
  </reporter-output>
  <suite started-at="2023-11-04T09:51:50 IST" name="Default suite" finished-at="2023-11-04T09:51:59 IST" duration-ms="9592">
    <groups>
    </groups>
    <test started-at="2023-11-04T09:51:50 IST" name="Default test" finished-at="2023-11-04T09:51:59 IST" duration-ms="9592">
      <class name="prp.Project">
        <test-method is-config="true" signature="St()[pri:0, instance:prp.Project@619713e5]" started-at="2023-11-04T09:51:50 IST" name="St" finished-at="2023-11-04T09:51:54 IST" duration-ms="4407" status="PASS">
          <reporter-output>
          </reporter-output>
        </test-method> <!-- St -->
        <test-method signature="faul_mail_send()[pri:1, instance:prp.Project@619713e5]" started-at="2023-11-04T09:51:54 IST" name="faul_mail_send" finished-at="2023-11-04T09:51:59 IST" duration-ms="4614" status="PASS">
          <reporter-output>
          </reporter-output>
        </test-method> <!-- faul_mail_send -->
        <test-method signature="timecheck()[pri:2, instance:prp.Project@619713e5]" started-at="2023-11-04T09:51:59 IST" name="timecheck" finished-at="2023-11-04T09:51:59 IST" duration-ms="4" status="PASS">
          <reporter-output>
          </reporter-output>
        </test-method> <!-- timecheck -->
        <test-method is-config="true" signature="jj()[pri:0, instance:prp.Project@619713e5]" started-at="2023-11-04T09:51:59 IST" name="jj" finished-at="2023-11-04T09:51:59 IST" duration-ms="551" status="PASS">
          <reporter-output>
          </reporter-output>
        </test-method> <!-- jj -->
      </class> <!-- prp.Project -->
    </test> <!-- Default test -->
  </suite> <!-- Default suite -->
</testng-results>
