<?xml version="1.0" encoding="UTF-8"?>
<testng-results ignored="0" total="2" passed="2" failed="0" skipped="0">
  <reporter-output>
  </reporter-output>
  <suite started-at="2023-11-04T09:49:33 IST" name="Suite" finished-at="2023-11-04T09:49:49 IST" duration-ms="15833">
    <groups>
    </groups>
    <test started-at="2023-11-04T09:49:33 IST" name="Test" finished-at="2023-11-04T09:49:49 IST" duration-ms="15833">
      <class name="prp.Project">
        <test-method is-config="true" signature="St()[pri:0, instance:prp.Project@3427b02d]" started-at="2023-11-04T09:49:33 IST" name="St" finished-at="2023-11-04T09:49:38 IST" duration-ms="5120" status="PASS">
          <reporter-output>
          </reporter-output>
        </test-method> <!-- St -->
        <test-method signature="faul_mail_send()[pri:1, instance:prp.Project@3427b02d]" started-at="2023-11-04T09:49:38 IST" name="faul_mail_send" finished-at="2023-11-04T09:49:48 IST" duration-ms="10132" status="PASS">
          <reporter-output>
          </reporter-output>
        </test-method> <!-- faul_mail_send -->
        <test-method signature="timecheck()[pri:2, instance:prp.Project@3427b02d]" started-at="2023-11-04T09:49:48 IST" name="timecheck" finished-at="2023-11-04T09:49:48 IST" duration-ms="1" status="PASS">
          <reporter-output>
          </reporter-output>
        </test-method> <!-- timecheck -->
        <test-method is-config="true" signature="jj()[pri:0, instance:prp.Project@3427b02d]" started-at="2023-11-04T09:49:48 IST" name="jj" finished-at="2023-11-04T09:49:49 IST" duration-ms="546" status="PASS">
          <reporter-output>
          </reporter-output>
        </test-method> <!-- jj -->
      </class> <!-- prp.Project -->
    </test> <!-- Test -->
  </suite> <!-- Suite -->
</testng-results>
